Using pre-set license
Built from 'HEAD' branch; Version is '2021.3.12f1c2 (ffeb050254a0) revision 16771845'; Using compiler version '192829333'; Build Type 'Release'
OS: 'Windows 10  (10.0.19044) 64bit Professional' Language: 'zh' Physical Memory: 16318 MB
BatchMode: 1, IsHumanControllingUs: 0, StartBugReporterOnCrash: 0, Is64bit: 1, IsPro: 1

COMMAND LINE ARGUMENTS:
D:\Unity\Hub\Editor\2021.3.12f1c2\Editor\Unity.exe
-adb2
-batchMode
-noUpm
-name
AssetImportWorker0
-projectPath
D:/Unity Projects/UnityShader
-logFile
Logs/AssetImportWorker0.log
-srvPort
3235
Successfully changed project path to: D:/Unity Projects/UnityShader
D:/Unity Projects/UnityShader
[UnityMemory] Configuration Parameters - Can be set up in boot.config
    "memorysetup-bucket-allocator-granularity=16"
    "memorysetup-bucket-allocator-bucket-count=8"
    "memorysetup-bucket-allocator-block-size=33554432"
    "memorysetup-bucket-allocator-block-count=8"
    "memorysetup-main-allocator-block-size=16777216"
    "memorysetup-thread-allocator-block-size=16777216"
    "memorysetup-gfx-main-allocator-block-size=16777216"
    "memorysetup-gfx-thread-allocator-block-size=16777216"
    "memorysetup-cache-allocator-block-size=4194304"
    "memorysetup-typetree-allocator-block-size=2097152"
    "memorysetup-profiler-bucket-allocator-granularity=16"
    "memorysetup-profiler-bucket-allocator-bucket-count=8"
    "memorysetup-profiler-bucket-allocator-block-size=33554432"
    "memorysetup-profiler-bucket-allocator-block-count=8"
    "memorysetup-profiler-allocator-block-size=16777216"
    "memorysetup-profiler-editor-allocator-block-size=1048576"
    "memorysetup-temp-allocator-size-main=16777216"
    "memorysetup-job-temp-allocator-block-size=2097152"
    "memorysetup-job-temp-allocator-block-size-background=1048576"
    "memorysetup-job-temp-allocator-reduction-small-platforms=262144"
    "memorysetup-temp-allocator-size-background-worker=32768"
    "memorysetup-temp-allocator-size-job-worker=262144"
    "memorysetup-temp-allocator-size-preload-manager=33554432"
    "memorysetup-temp-allocator-size-nav-mesh-worker=65536"
    "memorysetup-temp-allocator-size-audio-worker=65536"
    "memorysetup-temp-allocator-size-cloud-worker=32768"
    "memorysetup-temp-allocator-size-gi-baking-worker=262144"
    "memorysetup-temp-allocator-size-gfx=262144"
AS: AutoStreaming module initializing.
Refreshing native plugins compatible for Editor in 75.92 ms, found 3 plugins.
Preloading 0 native plugins for Editor in 0.00 ms.
Initialize engine version: 2021.3.12f1c2 (ffeb050254a0)
[Subsystems] Discovering subsystems at path D:/Unity/Hub/Editor/2021.3.12f1c2/Editor/Data/Resources/UnitySubsystems
[Subsystems] Discovering subsystems at path D:/Unity Projects/UnityShader/Assets
GfxDevice: creating device client; threaded=0; jobified=0
Direct3D:
    Version:  Direct3D 11.0 [level 11.1]
    Renderer: NVIDIA GeForce GTX 1080 (ID=0x1b80)
    Vendor:   NVIDIA
    VRAM:     8079 MB
    Driver:   31.0.15.1659
Initialize mono
Mono path[0] = 'D:/Unity/Hub/Editor/2021.3.12f1c2/Editor/Data/Managed'
Mono path[1] = 'D:/Unity/Hub/Editor/2021.3.12f1c2/Editor/Data/MonoBleedingEdge/lib/mono/unityjit-win32'
Mono config path = 'D:/Unity/Hub/Editor/2021.3.12f1c2/Editor/Data/MonoBleedingEdge/etc'
Using monoOptions --debugger-agent=transport=dt_socket,embedding=1,server=y,suspend=n,address=127.0.0.1:56300
Begin MonoManager ReloadAssembly
Registering precompiled unity dll's ...
Register platform support module: D:/Unity/Hub/Editor/2021.3.12f1c2/Editor/Data/PlaybackEngines/WebGLSupport/UnityEditor.WebGL.Extensions.dll
Register platform support module: D:/Unity/Hub/Editor/2021.3.12f1c2/Editor/Data/PlaybackEngines/AndroidPlayer/UnityEditor.Android.Extensions.dll
Register platform support module: D:/Unity/Hub/Editor/2021.3.12f1c2/Editor/Data/PlaybackEngines/WindowsStandaloneSupport/UnityEditor.WindowsStandalone.Extensions.dll
Registered in 0.005014 seconds.
Native extension for WindowsStandalone target not found
Native extension for Android target not found
Native extension for WebGL target not found
Refreshing native plugins compatible for Editor in 73.98 ms, found 3 plugins.
Preloading 0 native plugins for Editor in 0.00 ms.
Mono: successfully reloaded assembly
- Completed reload, in  0.625 seconds
Domain Reload Profiling:
	ReloadAssembly (626ms)
		BeginReloadAssembly (71ms)
			ExecutionOrderSort (0ms)
			DisableScriptedObjects (0ms)
			BackupInstance (0ms)
			ReleaseScriptingObjects (0ms)
			CreateAndSetChildDomain (1ms)
		EndReloadAssembly (450ms)
			LoadAssemblies (68ms)
			RebuildTransferFunctionScriptingTraits (0ms)
			SetupTypeCache (113ms)
			ReleaseScriptCaches (0ms)
			RebuildScriptCaches (26ms)
			SetupLoadedEditorAssemblies (263ms)
				LogAssemblyErrors (0ms)
				InitializePlatformSupportModulesInManaged (52ms)
				SetLoadedEditorAssemblies (0ms)
				RefreshPlugins (74ms)
				BeforeProcessingInitializeOnLoad (1ms)
				ProcessInitializeOnLoadAttributes (90ms)
				ProcessInitializeOnLoadMethodAttributes (46ms)
				AfterProcessingInitializeOnLoad (0ms)
				EditorAssembliesLoaded (0ms)
			ExecutionOrderSort2 (0ms)
			AwakeInstancesAfterBackupRestoration (0ms)
Platform modules already initialized, skipping
Registering precompiled user dll's ...
Registered in 0.010029 seconds.
Begin MonoManager ReloadAssembly
Symbol file LoadedFromMemory doesn't match image D:\Unity Projects\UnityShader\Library\PackageCache\com.unity.visualscripting@1.7.8\Editor\VisualScripting.Core\Dependencies\YamlDotNet\Unity.VisualScripting.YamlDotNet.dll
Symbol file LoadedFromMemory doesn't match image D:\Unity Projects\UnityShader\Library\PackageCache\com.unity.visualscripting@1.7.8\Editor\VisualScripting.Core\Dependencies\DotNetZip\Unity.VisualScripting.IonicZip.dll
Native extension for WindowsStandalone target not found
Native extension for Android target not found
Native extension for WebGL target not found
Refreshing native plugins compatible for Editor in 0.55 ms, found 3 plugins.
Preloading 0 native plugins for Editor in 0.00 ms.
Mono: successfully reloaded assembly
- Completed reload, in  1.086 seconds
Domain Reload Profiling:
	ReloadAssembly (1086ms)
		BeginReloadAssembly (208ms)
			ExecutionOrderSort (0ms)
			DisableScriptedObjects (5ms)
			BackupInstance (0ms)
			ReleaseScriptingObjects (0ms)
			CreateAndSetChildDomain (122ms)
		EndReloadAssembly (764ms)
			LoadAssemblies (78ms)
			RebuildTransferFunctionScriptingTraits (0ms)
			SetupTypeCache (257ms)
			ReleaseScriptCaches (1ms)
			RebuildScriptCaches (46ms)
			SetupLoadedEditorAssemblies (344ms)
				LogAssemblyErrors (0ms)
				InitializePlatformSupportModulesInManaged (16ms)
				SetLoadedEditorAssemblies (0ms)
				RefreshPlugins (1ms)
				BeforeProcessingInitializeOnLoad (80ms)
				ProcessInitializeOnLoadAttributes (203ms)
				ProcessInitializeOnLoadMethodAttributes (34ms)
				AfterProcessingInitializeOnLoad (9ms)
				EditorAssembliesLoaded (0ms)
			ExecutionOrderSort2 (0ms)
			AwakeInstancesAfterBackupRestoration (6ms)
Platform modules already initialized, skipping
========================================================================
Worker process is ready to serve import requests
Launched and connected shader compiler UnityShaderCompiler.exe after 0.08 seconds
Refreshing native plugins compatible for Editor in 0.89 ms, found 3 plugins.
Preloading 0 native plugins for Editor in 0.00 ms.
Unloading 3427 Unused Serialized files (Serialized files now loaded: 0)
Unloading 27 unused Assets / (113.9 KB). Loaded Objects now: 3893.
Memory consumption went from 127.3 MB to 127.2 MB.
Total: 2.921700 ms (FindLiveObjects: 0.311500 ms CreateObjectMapping: 0.210800 ms MarkObjects: 2.284100 ms  DeleteObjects: 0.114300 ms)

AssetImportParameters requested are different than current active one (requested -> active):
  custom:video-decoder-ogg-theora: a1e56fd34408186e4bbccfd4996cb3dc -> 
  custom:container-muxer-webm: aa71ff27fc2769a1b78a27578f13a17b -> 
  custom:container-demuxer-webm: 4f35f7cbe854078d1ac9338744f61a02 -> 
  custom:video-encoder-webm-vp8: eb34c28f22e8b96e1ab97ce403110664 -> 
  custom:audio-encoder-webm-vorbis: bf7c407c2cedff20999df2af8eb42d56 -> 
  custom:framework-win-MediaFoundation: 216162199b28c13a410421893ffa2e32 -> 
  custom:container-demuxer-ogg: 62fdf1f143b41e24485cea50d1cbac27 -> 
  custom:video-decoder-webm-vp8: 9c59270c3fd7afecdb556c50c9e8de78 -> 
  custom:audio-decoder-ogg-vorbis: bf7c407c2cedff20999df2af8eb42d56 -> 
========================================================================
Received Import Request.
  Time since last request: 39292.547571 seconds.
  path: Assets/Scenes/Chapter 12
  artifactKey: Guid(e528f3dd4108c36409648249c7c7e167) Importer(815301076,1909f56bfc062723c751e8b465ee728b)
Start importing Assets/Scenes/Chapter 12 using Guid(e528f3dd4108c36409648249c7c7e167) Importer(815301076,1909f56bfc062723c751e8b465ee728b)  -> (artifact id: '655525dd62ee97c166f165d84d82abb3') in 0.005746 seconds 
========================================================================
Received Import Request.
  Time since last request: 3.176809 seconds.
  path: Assets/Scenes/Chapter 12/New Folder
  artifactKey: Guid(5e9d89ecc64bc0e40af601d2b28386db) Importer(815301076,1909f56bfc062723c751e8b465ee728b)
Start importing Assets/Scenes/Chapter 12/New Folder using Guid(5e9d89ecc64bc0e40af601d2b28386db) Importer(815301076,1909f56bfc062723c751e8b465ee728b)  -> (artifact id: 'c2357bac6def24b4e2202a0cacb0a3b8') in 0.001093 seconds 
========================================================================
Received Import Request.
  Time since last request: 16.857566 seconds.
  path: Assets/Scenes/Chapter 12/Scene_12_2.unity
  artifactKey: Guid(b5a9a710cbc0f0646bf5b21e278b5a5d) Importer(815301076,1909f56bfc062723c751e8b465ee728b)
Start importing Assets/Scenes/Chapter 12/Scene_12_2.unity using Guid(b5a9a710cbc0f0646bf5b21e278b5a5d) Importer(815301076,1909f56bfc062723c751e8b465ee728b)  -> (artifact id: 'a46f79a34e5c9b1bd547e099f69b0d9c') in 0.001676 seconds 
========================================================================
Received Import Request.
  Time since last request: 11.258989 seconds.
  path: Assets/Scenes/Chapter 12/Scene_12_2.unity
  artifactKey: Guid(b5a9a710cbc0f0646bf5b21e278b5a5d) Importer(815301076,1909f56bfc062723c751e8b465ee728b)
Start importing Assets/Scenes/Chapter 12/Scene_12_2.unity using Guid(b5a9a710cbc0f0646bf5b21e278b5a5d) Importer(815301076,1909f56bfc062723c751e8b465ee728b)  -> (artifact id: '05cddd9b63f51ae578a2de720eb23cbf') in 0.001424 seconds 
========================================================================
Received Import Request.
  Time since last request: 41.794080 seconds.
  path: Assets/Shaders/Chapter 12
  artifactKey: Guid(19c11fe1c4d0cdb46a6467f22b25f8aa) Importer(815301076,1909f56bfc062723c751e8b465ee728b)
Start importing Assets/Shaders/Chapter 12 using Guid(19c11fe1c4d0cdb46a6467f22b25f8aa) Importer(815301076,1909f56bfc062723c751e8b465ee728b)  -> (artifact id: 'd214f911f178a4de9f5be9c152b73ce4') in 0.001445 seconds 
========================================================================
Received Import Request.
  Time since last request: 3.564293 seconds.
  path: Assets/Texture/Chapter 12
  artifactKey: Guid(19ce8200c58e0db418e68982cfb1201f) Importer(815301076,1909f56bfc062723c751e8b465ee728b)
Start importing Assets/Texture/Chapter 12 using Guid(19ce8200c58e0db418e68982cfb1201f) Importer(815301076,1909f56bfc062723c751e8b465ee728b)  -> (artifact id: '6a3d694c18612be8a440323d684406c9') in 0.001254 seconds 
========================================================================
Received Import Request.
  Time since last request: 39.417868 seconds.
  path: Assets/Texture/Chapter 12/sakura0.jpg
  artifactKey: Guid(33da68b5bb399c24aae55af44cc56a0f) Importer(815301076,1909f56bfc062723c751e8b465ee728b)
Start importing Assets/Texture/Chapter 12/sakura0.jpg using Guid(33da68b5bb399c24aae55af44cc56a0f) Importer(815301076,1909f56bfc062723c751e8b465ee728b)  -> (artifact id: '203a6d0696c67b118651a6874cc9c3b0') in 0.065506 seconds 
========================================================================
Received Import Request.
  Time since last request: 67.242802 seconds.
  path: Assets/Texture/Objects
  artifactKey: Guid(367ede2c45d4ec34297d17ef7d07a227) Importer(815301076,1909f56bfc062723c751e8b465ee728b)
Start importing Assets/Texture/Objects using Guid(367ede2c45d4ec34297d17ef7d07a227) Importer(815301076,1909f56bfc062723c751e8b465ee728b)  -> (artifact id: '31b0d457c74909892a25ea5f032de6cb') in 0.001374 seconds 
========================================================================
Received Import Request.
  Time since last request: 38.478770 seconds.
  path: Assets/Texture/Walls
  artifactKey: Guid(a431a2a7f80d24843b0e074337fb75af) Importer(815301076,1909f56bfc062723c751e8b465ee728b)
Start importing Assets/Texture/Walls using Guid(a431a2a7f80d24843b0e074337fb75af) Importer(815301076,1909f56bfc062723c751e8b465ee728b)  -> (artifact id: 'a96817cd5e26aadbaa0ec19c764e250c') in 0.001360 seconds 
========================================================================
Received Import Request.
  Time since last request: 278.431090 seconds.
  path: Assets/Materials/Chapter 12
  artifactKey: Guid(62e8c943926e1ef45a640a9d7fa2c5c6) Importer(815301076,1909f56bfc062723c751e8b465ee728b)
Start importing Assets/Materials/Chapter 12 using Guid(62e8c943926e1ef45a640a9d7fa2c5c6) Importer(815301076,1909f56bfc062723c751e8b465ee728b)  -> (artifact id: '0a11939c4b96fae00e28a99eed2f5114') in 0.001635 seconds 
========================================================================
Received Import Request.
  Time since last request: 105.507238 seconds.
  path: Assets/Scripts/Chapter 12/PostEffectsBase.cs
  artifactKey: Guid(f6b1f059f834f5148811f74b0e4f7bb7) Importer(815301076,1909f56bfc062723c751e8b465ee728b)
Start importing Assets/Scripts/Chapter 12/PostEffectsBase.cs using Guid(f6b1f059f834f5148811f74b0e4f7bb7) Importer(815301076,1909f56bfc062723c751e8b465ee728b)  -> (artifact id: '8d038f48674a303bd6d98f4233f41699') in 0.004837 seconds 
========================================================================
Received Import Request.
  Time since last request: 0.414877 seconds.
  path: Assets/Scripts/Helpers
  artifactKey: Guid(bee8c675fe90e774b9ec13e5f3dd18af) Importer(815301076,1909f56bfc062723c751e8b465ee728b)
Start importing Assets/Scripts/Helpers using Guid(bee8c675fe90e774b9ec13e5f3dd18af) Importer(815301076,1909f56bfc062723c751e8b465ee728b)  -> (artifact id: 'fae4ec1b61b6482b3bfd660f014e2e2a') in 0.001317 seconds 
========================================================================
Received Import Request.
  Time since last request: 0.628208 seconds.
  path: Assets/Scripts/Chapter 12
  artifactKey: Guid(878a2fed479baac429d6d9a09589e87a) Importer(815301076,1909f56bfc062723c751e8b465ee728b)
Start importing Assets/Scripts/Chapter 12 using Guid(878a2fed479baac429d6d9a09589e87a) Importer(815301076,1909f56bfc062723c751e8b465ee728b)  -> (artifact id: '1a9474f7e7597c8291853a0c3f91aef1') in 0.001301 seconds 
========================================================================
Received Import Request.
  Time since last request: 32.335892 seconds.
  path: Assets/Scenes/Chapter 12/Scene_12_2.unity
  artifactKey: Guid(b5a9a710cbc0f0646bf5b21e278b5a5d) Importer(815301076,1909f56bfc062723c751e8b465ee728b)
Start importing Assets/Scenes/Chapter 12/Scene_12_2.unity using Guid(b5a9a710cbc0f0646bf5b21e278b5a5d) Importer(815301076,1909f56bfc062723c751e8b465ee728b)  -> (artifact id: 'a97b0f4613d6b5620ea0e08edc3cb363') in 0.001267 seconds 
========================================================================
Received Import Request.
  Time since last request: 10.851975 seconds.
  path: Assets/Scripts/Chapter 12/BrightnessSaturationAndContrast.cs
  artifactKey: Guid(2d6191e973c332b44a6022105eb9bc27) Importer(815301076,1909f56bfc062723c751e8b465ee728b)
Start importing Assets/Scripts/Chapter 12/BrightnessSaturationAndContrast.cs using Guid(2d6191e973c332b44a6022105eb9bc27) Importer(815301076,1909f56bfc062723c751e8b465ee728b)  -> (artifact id: '47b94b544fc2a0be4e46e90516dbb60a') in 0.001436 seconds 
========================================================================
Received Prepare
Registering precompiled user dll's ...
Registered in 0.014375 seconds.
Begin MonoManager ReloadAssembly
Symbol file LoadedFromMemory doesn't match image D:\Unity Projects\UnityShader\Library\PackageCache\com.unity.visualscripting@1.7.8\Editor\VisualScripting.Core\Dependencies\YamlDotNet\Unity.VisualScripting.YamlDotNet.dll
Symbol file LoadedFromMemory doesn't match image D:\Unity Projects\UnityShader\Library\PackageCache\com.unity.visualscripting@1.7.8\Editor\VisualScripting.Core\Dependencies\DotNetZip\Unity.VisualScripting.IonicZip.dll
Native extension for WindowsStandalone target not found
Native extension for Android target not found
Native extension for WebGL target not found
Refreshing native plugins compatible for Editor in 2.01 ms, found 3 plugins.
Preloading 0 native plugins for Editor in 0.00 ms.
Mono: successfully reloaded assembly
- Completed reload, in  2.155 seconds
Domain Reload Profiling:
	ReloadAssembly (2156ms)
		BeginReloadAssembly (282ms)
			ExecutionOrderSort (0ms)
			DisableScriptedObjects (11ms)
			BackupInstance (0ms)
			ReleaseScriptingObjects (0ms)
			CreateAndSetChildDomain (73ms)
		EndReloadAssembly (1676ms)
			LoadAssemblies (207ms)
			RebuildTransferFunctionScriptingTraits (0ms)
			SetupTypeCache (609ms)
			ReleaseScriptCaches (2ms)
			RebuildScriptCaches (91ms)
			SetupLoadedEditorAssemblies (599ms)
				LogAssemblyErrors (0ms)
				InitializePlatformSupportModulesInManaged (57ms)
				SetLoadedEditorAssemblies (1ms)
				RefreshPlugins (2ms)
				BeforeProcessingInitializeOnLoad (149ms)
				ProcessInitializeOnLoadAttributes (333ms)
				ProcessInitializeOnLoadMethodAttributes (45ms)
				AfterProcessingInitializeOnLoad (11ms)
				EditorAssembliesLoaded (0ms)
			ExecutionOrderSort2 (0ms)
			AwakeInstancesAfterBackupRestoration (10ms)
Platform modules already initialized, skipping
Refreshing native plugins compatible for Editor in 3.08 ms, found 3 plugins.
Preloading 0 native plugins for Editor in 0.00 ms.
Unloading 3388 Unused Serialized files (Serialized files now loaded: 0)
Unloading 20 unused Assets / (80.7 KB). Loaded Objects now: 3900.
Memory consumption went from 123.7 MB to 123.6 MB.
Total: 3.248700 ms (FindLiveObjects: 0.375300 ms CreateObjectMapping: 0.228500 ms MarkObjects: 2.550500 ms  DeleteObjects: 0.093300 ms)

AssetImportParameters requested are different than current active one (requested -> active):
  custom:video-decoder-ogg-theora: a1e56fd34408186e4bbccfd4996cb3dc -> 
  custom:container-muxer-webm: aa71ff27fc2769a1b78a27578f13a17b -> 
  custom:container-demuxer-webm: 4f35f7cbe854078d1ac9338744f61a02 -> 
  custom:video-encoder-webm-vp8: eb34c28f22e8b96e1ab97ce403110664 -> 
  custom:audio-encoder-webm-vorbis: bf7c407c2cedff20999df2af8eb42d56 -> 
  custom:framework-win-MediaFoundation: 216162199b28c13a410421893ffa2e32 -> 
  custom:container-demuxer-ogg: 62fdf1f143b41e24485cea50d1cbac27 -> 
  custom:video-decoder-webm-vp8: 9c59270c3fd7afecdb556c50c9e8de78 -> 
  custom:audio-decoder-ogg-vorbis: bf7c407c2cedff20999df2af8eb42d56 -> 
========================================================================
Received Prepare
Registering precompiled user dll's ...
Registered in 0.009228 seconds.
Begin MonoManager ReloadAssembly
Symbol file LoadedFromMemory doesn't match image D:\Unity Projects\UnityShader\Library\PackageCache\com.unity.visualscripting@1.7.8\Editor\VisualScripting.Core\Dependencies\YamlDotNet\Unity.VisualScripting.YamlDotNet.dll
Symbol file LoadedFromMemory doesn't match image D:\Unity Projects\UnityShader\Library\PackageCache\com.unity.visualscripting@1.7.8\Editor\VisualScripting.Core\Dependencies\DotNetZip\Unity.VisualScripting.IonicZip.dll
Native extension for WindowsStandalone target not found
Native extension for Android target not found
Native extension for WebGL target not found
Refreshing native plugins compatible for Editor in 0.69 ms, found 3 plugins.
Preloading 0 native plugins for Editor in 0.00 ms.
Mono: successfully reloaded assembly
- Completed reload, in  1.030 seconds
Domain Reload Profiling:
	ReloadAssembly (1031ms)
		BeginReloadAssembly (149ms)
			ExecutionOrderSort (0ms)
			DisableScriptedObjects (7ms)
			BackupInstance (0ms)
			ReleaseScriptingObjects (0ms)
			CreateAndSetChildDomain (40ms)
		EndReloadAssembly (783ms)
			LoadAssemblies (94ms)
			RebuildTransferFunctionScriptingTraits (0ms)
			SetupTypeCache (281ms)
			ReleaseScriptCaches (1ms)
			RebuildScriptCaches (49ms)
			SetupLoadedEditorAssemblies (308ms)
				LogAssemblyErrors (0ms)
				InitializePlatformSupportModulesInManaged (25ms)
				SetLoadedEditorAssemblies (0ms)
				RefreshPlugins (1ms)
				BeforeProcessingInitializeOnLoad (68ms)
				ProcessInitializeOnLoadAttributes (181ms)
				ProcessInitializeOnLoadMethodAttributes (26ms)
				AfterProcessingInitializeOnLoad (8ms)
				EditorAssembliesLoaded (0ms)
			ExecutionOrderSort2 (0ms)
			AwakeInstancesAfterBackupRestoration (7ms)
Platform modules already initialized, skipping
Refreshing native plugins compatible for Editor in 1.88 ms, found 3 plugins.
Preloading 0 native plugins for Editor in 0.00 ms.
Unloading 3388 Unused Serialized files (Serialized files now loaded: 0)
Unloading 20 unused Assets / (80.7 KB). Loaded Objects now: 3903.
Memory consumption went from 123.7 MB to 123.6 MB.
Total: 3.067500 ms (FindLiveObjects: 0.268700 ms CreateObjectMapping: 0.145200 ms MarkObjects: 2.570800 ms  DeleteObjects: 0.081500 ms)

AssetImportParameters requested are different than current active one (requested -> active):
  custom:video-decoder-ogg-theora: a1e56fd34408186e4bbccfd4996cb3dc -> 
  custom:container-muxer-webm: aa71ff27fc2769a1b78a27578f13a17b -> 
  custom:container-demuxer-webm: 4f35f7cbe854078d1ac9338744f61a02 -> 
  custom:video-encoder-webm-vp8: eb34c28f22e8b96e1ab97ce403110664 -> 
  custom:audio-encoder-webm-vorbis: bf7c407c2cedff20999df2af8eb42d56 -> 
  custom:framework-win-MediaFoundation: 216162199b28c13a410421893ffa2e32 -> 
  custom:container-demuxer-ogg: 62fdf1f143b41e24485cea50d1cbac27 -> 
  custom:video-decoder-webm-vp8: 9c59270c3fd7afecdb556c50c9e8de78 -> 
  custom:audio-decoder-ogg-vorbis: bf7c407c2cedff20999df2af8eb42d56 -> 
========================================================================
Received Import Request.
  Time since last request: 1019.728213 seconds.
  path: Assets/Shaders/Chapter 12/BrightnessSaturationAndContrast.shader
  artifactKey: Guid(18eeff1de6fa1c94c89b6ed011ce6fd3) Importer(815301076,1909f56bfc062723c751e8b465ee728b)
Start importing Assets/Shaders/Chapter 12/BrightnessSaturationAndContrast.shader using Guid(18eeff1de6fa1c94c89b6ed011ce6fd3) Importer(815301076,1909f56bfc062723c751e8b465ee728b)  -> (artifact id: '21c90c9d7bddb00d1406cbd3d19d911a') in 0.016589 seconds 
========================================================================
Received Import Request.
  Time since last request: 946.184382 seconds.
  path: Assets/Shaders/Chapter 12/BrightnessSaturationAndContrast.shader
  artifactKey: Guid(18eeff1de6fa1c94c89b6ed011ce6fd3) Importer(815301076,1909f56bfc062723c751e8b465ee728b)
Start importing Assets/Shaders/Chapter 12/BrightnessSaturationAndContrast.shader using Guid(18eeff1de6fa1c94c89b6ed011ce6fd3) Importer(815301076,1909f56bfc062723c751e8b465ee728b)  -> (artifact id: '4cc7e22ef2b8a81225b4847303b9b18c') in 0.002935 seconds 
========================================================================
Received Import Request.
  Time since last request: 6.274382 seconds.
  path: Assets/Shaders/Chapter 12/BrightnessSaturationAndContrast.shader
  artifactKey: Guid(18eeff1de6fa1c94c89b6ed011ce6fd3) Importer(815301076,1909f56bfc062723c751e8b465ee728b)
Start importing Assets/Shaders/Chapter 12/BrightnessSaturationAndContrast.shader using Guid(18eeff1de6fa1c94c89b6ed011ce6fd3) Importer(815301076,1909f56bfc062723c751e8b465ee728b)  -> (artifact id: '16f8c721acc37a5650ee2aa6f3d26cd3') in 0.002646 seconds 
========================================================================
Received Import Request.
  Time since last request: 614.654579 seconds.
  path: Assets/Scenes/Chapter 12/Scene_12_3.unity
  artifactKey: Guid(fd8bb20d16c883a49b4f5ba64056e604) Importer(815301076,1909f56bfc062723c751e8b465ee728b)
Start importing Assets/Scenes/Chapter 12/Scene_12_3.unity using Guid(fd8bb20d16c883a49b4f5ba64056e604) Importer(815301076,1909f56bfc062723c751e8b465ee728b)  -> (artifact id: '1ca9239571242652d7240c40d2e0d9c7') in 0.001771 seconds 
========================================================================
Received Import Request.
  Time since last request: 16.107381 seconds.
  path: Assets/Scenes/Chapter 12/Scene_12_3.unity
  artifactKey: Guid(fd8bb20d16c883a49b4f5ba64056e604) Importer(815301076,1909f56bfc062723c751e8b465ee728b)
Start importing Assets/Scenes/Chapter 12/Scene_12_3.unity using Guid(fd8bb20d16c883a49b4f5ba64056e604) Importer(815301076,1909f56bfc062723c751e8b465ee728b)  -> (artifact id: '7ede71df704499caa3577cb0e4b4fe85') in 0.001291 seconds 
========================================================================
Received Import Request.
  Time since last request: 28.422209 seconds.
  path: Assets/Texture/Materials
  artifactKey: Guid(f1acbb9215dbce04fa649c363d2792a8) Importer(815301076,1909f56bfc062723c751e8b465ee728b)
Start importing Assets/Texture/Materials using Guid(f1acbb9215dbce04fa649c363d2792a8) Importer(815301076,1909f56bfc062723c751e8b465ee728b)  -> (artifact id: 'd0afda8fb4dd51e8eaaed3ea91139172') in 0.001400 seconds 
========================================================================
Received Import Request.
  Time since last request: 62.760591 seconds.
  path: Assets/Materials/Chapter 12/Materials
  artifactKey: Guid(0836e975e2ccac54bb45efab2189236a) Importer(815301076,1909f56bfc062723c751e8b465ee728b)
Start importing Assets/Materials/Chapter 12/Materials using Guid(0836e975e2ccac54bb45efab2189236a) Importer(815301076,1909f56bfc062723c751e8b465ee728b)  -> (artifact id: '5059a51eca8498ba13c28d991be4f0b7') in 0.001615 seconds 
========================================================================
Received Import Request.
  Time since last request: 39.106240 seconds.
  path: Assets/Scenes/Chapter 12/Scene_12_2.unity
  artifactKey: Guid(b5a9a710cbc0f0646bf5b21e278b5a5d) Importer(815301076,1909f56bfc062723c751e8b465ee728b)
Start importing Assets/Scenes/Chapter 12/Scene_12_2.unity using Guid(b5a9a710cbc0f0646bf5b21e278b5a5d) Importer(815301076,1909f56bfc062723c751e8b465ee728b)  -> (artifact id: 'b523ff3073753f1e575b957072ef41bf') in 0.001686 seconds 
========================================================================
Received Import Request.
  Time since last request: 155.220036 seconds.
  path: Assets/Shaders/Chapter 12/EdgeDetection.shader
  artifactKey: Guid(fbf8f768f772d4d4181802f148b3cf28) Importer(815301076,1909f56bfc062723c751e8b465ee728b)
Start importing Assets/Shaders/Chapter 12/EdgeDetection.shader using Guid(fbf8f768f772d4d4181802f148b3cf28) Importer(815301076,1909f56bfc062723c751e8b465ee728b)  -> (artifact id: '1a5b68df3dd52823137cbb37cfdee1d5') in 0.002774 seconds 
========================================================================
Received Import Request.
  Time since last request: 17.870219 seconds.
  path: Assets/Shaders/Chapter 12/EdgeDetection.shader
  artifactKey: Guid(fbf8f768f772d4d4181802f148b3cf28) Importer(815301076,1909f56bfc062723c751e8b465ee728b)
Start importing Assets/Shaders/Chapter 12/EdgeDetection.shader using Guid(fbf8f768f772d4d4181802f148b3cf28) Importer(815301076,1909f56bfc062723c751e8b465ee728b)  -> (artifact id: '9c3f947ad856f940106377e65de47e86') in 0.002397 seconds 
========================================================================
Received Import Request.
  Time since last request: 52.837339 seconds.
  path: Assets/Scripts/Chapter 12/EdgeDetection.cs
  artifactKey: Guid(a346be34a0a7bfa42b9b599604d316f5) Importer(815301076,1909f56bfc062723c751e8b465ee728b)
Start importing Assets/Scripts/Chapter 12/EdgeDetection.cs using Guid(a346be34a0a7bfa42b9b599604d316f5) Importer(815301076,1909f56bfc062723c751e8b465ee728b)  -> (artifact id: 'ecc6c92af38447d7780535597dea87e8') in 0.001758 seconds 
========================================================================
Received Prepare
Registering precompiled user dll's ...
Registered in 0.009869 seconds.
Begin MonoManager ReloadAssembly
Symbol file LoadedFromMemory doesn't match image D:\Unity Projects\UnityShader\Library\PackageCache\com.unity.visualscripting@1.7.8\Editor\VisualScripting.Core\Dependencies\YamlDotNet\Unity.VisualScripting.YamlDotNet.dll
Symbol file LoadedFromMemory doesn't match image D:\Unity Projects\UnityShader\Library\PackageCache\com.unity.visualscripting@1.7.8\Editor\VisualScripting.Core\Dependencies\DotNetZip\Unity.VisualScripting.IonicZip.dll
Native extension for WindowsStandalone target not found
Native extension for Android target not found
Native extension for WebGL target not found
Refreshing native plugins compatible for Editor in 0.56 ms, found 3 plugins.
Preloading 0 native plugins for Editor in 0.00 ms.
Mono: successfully reloaded assembly
- Completed reload, in  1.060 seconds
Domain Reload Profiling:
	ReloadAssembly (1061ms)
		BeginReloadAssembly (156ms)
			ExecutionOrderSort (0ms)
			DisableScriptedObjects (5ms)
			BackupInstance (0ms)
			ReleaseScriptingObjects (0ms)
			CreateAndSetChildDomain (48ms)
		EndReloadAssembly (796ms)
			LoadAssemblies (103ms)
			RebuildTransferFunctionScriptingTraits (0ms)
			SetupTypeCache (291ms)
			ReleaseScriptCaches (1ms)
			RebuildScriptCaches (46ms)
			SetupLoadedEditorAssemblies (321ms)
				LogAssemblyErrors (0ms)
				InitializePlatformSupportModulesInManaged (21ms)
				SetLoadedEditorAssemblies (0ms)
				RefreshPlugins (1ms)
				BeforeProcessingInitializeOnLoad (68ms)
				ProcessInitializeOnLoadAttributes (194ms)
				ProcessInitializeOnLoadMethodAttributes (28ms)
				AfterProcessingInitializeOnLoad (8ms)
				EditorAssembliesLoaded (0ms)
			ExecutionOrderSort2 (0ms)
			AwakeInstancesAfterBackupRestoration (7ms)
Platform modules already initialized, skipping
Refreshing native plugins compatible for Editor in 1.93 ms, found 3 plugins.
Preloading 0 native plugins for Editor in 0.00 ms.
Unloading 3391 Unused Serialized files (Serialized files now loaded: 0)
Unloading 22 unused Assets / (108.7 KB). Loaded Objects now: 3907.
Memory consumption went from 124.1 MB to 124.0 MB.
Total: 2.882500 ms (FindLiveObjects: 0.261500 ms CreateObjectMapping: 0.186600 ms MarkObjects: 2.333500 ms  DeleteObjects: 0.100200 ms)

AssetImportParameters requested are different than current active one (requested -> active):
  custom:video-decoder-ogg-theora: a1e56fd34408186e4bbccfd4996cb3dc -> 
  custom:container-muxer-webm: aa71ff27fc2769a1b78a27578f13a17b -> 
  custom:container-demuxer-webm: 4f35f7cbe854078d1ac9338744f61a02 -> 
  custom:video-encoder-webm-vp8: eb34c28f22e8b96e1ab97ce403110664 -> 
  custom:audio-encoder-webm-vorbis: bf7c407c2cedff20999df2af8eb42d56 -> 
  custom:framework-win-MediaFoundation: 216162199b28c13a410421893ffa2e32 -> 
  custom:container-demuxer-ogg: 62fdf1f143b41e24485cea50d1cbac27 -> 
  custom:video-decoder-webm-vp8: 9c59270c3fd7afecdb556c50c9e8de78 -> 
  custom:audio-decoder-ogg-vorbis: bf7c407c2cedff20999df2af8eb42d56 -> 
========================================================================
Received Prepare
Registering precompiled user dll's ...
Registered in 0.010172 seconds.
Begin MonoManager ReloadAssembly
Symbol file LoadedFromMemory doesn't match image D:\Unity Projects\UnityShader\Library\PackageCache\com.unity.visualscripting@1.7.8\Editor\VisualScripting.Core\Dependencies\YamlDotNet\Unity.VisualScripting.YamlDotNet.dll
Symbol file LoadedFromMemory doesn't match image D:\Unity Projects\UnityShader\Library\PackageCache\com.unity.visualscripting@1.7.8\Editor\VisualScripting.Core\Dependencies\DotNetZip\Unity.VisualScripting.IonicZip.dll
Native extension for WindowsStandalone target not found
Native extension for Android target not found
Native extension for WebGL target not found
Refreshing native plugins compatible for Editor in 0.89 ms, found 3 plugins.
Preloading 0 native plugins for Editor in 0.00 ms.
Mono: successfully reloaded assembly
- Completed reload, in  1.026 seconds
Domain Reload Profiling:
	ReloadAssembly (1026ms)
		BeginReloadAssembly (136ms)
			ExecutionOrderSort (0ms)
			DisableScriptedObjects (5ms)
			BackupInstance (0ms)
			ReleaseScriptingObjects (0ms)
			CreateAndSetChildDomain (36ms)
		EndReloadAssembly (790ms)
			LoadAssemblies (88ms)
			RebuildTransferFunctionScriptingTraits (0ms)
			SetupTypeCache (290ms)
			ReleaseScriptCaches (1ms)
			RebuildScriptCaches (50ms)
			SetupLoadedEditorAssemblies (311ms)
				LogAssemblyErrors (0ms)
				InitializePlatformSupportModulesInManaged (23ms)
				SetLoadedEditorAssemblies (1ms)
				RefreshPlugins (1ms)
				BeforeProcessingInitializeOnLoad (70ms)
				ProcessInitializeOnLoadAttributes (184ms)
				ProcessInitializeOnLoadMethodAttributes (25ms)
				AfterProcessingInitializeOnLoad (8ms)
				EditorAssembliesLoaded (0ms)
			ExecutionOrderSort2 (0ms)
			AwakeInstancesAfterBackupRestoration (10ms)
Platform modules already initialized, skipping
Refreshing native plugins compatible for Editor in 2.12 ms, found 3 plugins.
Preloading 0 native plugins for Editor in 0.00 ms.
Unloading 3391 Unused Serialized files (Serialized files now loaded: 0)
Unloading 22 unused Assets / (109.0 KB). Loaded Objects now: 3910.
Memory consumption went from 124.1 MB to 124.0 MB.
Total: 2.633800 ms (FindLiveObjects: 0.268200 ms CreateObjectMapping: 0.164800 ms MarkObjects: 2.102100 ms  DeleteObjects: 0.097900 ms)

AssetImportParameters requested are different than current active one (requested -> active):
  custom:video-decoder-ogg-theora: a1e56fd34408186e4bbccfd4996cb3dc -> 
  custom:container-muxer-webm: aa71ff27fc2769a1b78a27578f13a17b -> 
  custom:container-demuxer-webm: 4f35f7cbe854078d1ac9338744f61a02 -> 
  custom:video-encoder-webm-vp8: eb34c28f22e8b96e1ab97ce403110664 -> 
  custom:audio-encoder-webm-vorbis: bf7c407c2cedff20999df2af8eb42d56 -> 
  custom:framework-win-MediaFoundation: 216162199b28c13a410421893ffa2e32 -> 
  custom:container-demuxer-ogg: 62fdf1f143b41e24485cea50d1cbac27 -> 
  custom:video-decoder-webm-vp8: 9c59270c3fd7afecdb556c50c9e8de78 -> 
  custom:audio-decoder-ogg-vorbis: bf7c407c2cedff20999df2af8eb42d56 -> 
========================================================================
Received Import Request.
  Time since last request: 492.000844 seconds.
  path: Assets/Scripts/Chapter 12/EdgeDetection.cs
  artifactKey: Guid(a346be34a0a7bfa42b9b599604d316f5) Importer(815301076,1909f56bfc062723c751e8b465ee728b)
Start importing Assets/Scripts/Chapter 12/EdgeDetection.cs using Guid(a346be34a0a7bfa42b9b599604d316f5) Importer(815301076,1909f56bfc062723c751e8b465ee728b)  -> (artifact id: '0f0e33dae8e518e2d5e62872b72e416a') in 0.004969 seconds 
========================================================================
Received Import Request.
  Time since last request: 15.072503 seconds.
  path: Assets/Shaders/Chapter 12/EdgeDetection.shader
  artifactKey: Guid(fbf8f768f772d4d4181802f148b3cf28) Importer(815301076,1909f56bfc062723c751e8b465ee728b)
Start importing Assets/Shaders/Chapter 12/EdgeDetection.shader using Guid(fbf8f768f772d4d4181802f148b3cf28) Importer(815301076,1909f56bfc062723c751e8b465ee728b)  -> (artifact id: '32932b4135410097c4dabb9aec1db848') in 0.009378 seconds 
========================================================================
Received Import Request.
  Time since last request: 1364.549507 seconds.
  path: Assets/Shaders/Chapter 12/EdgeDetection.shader
  artifactKey: Guid(fbf8f768f772d4d4181802f148b3cf28) Importer(815301076,1909f56bfc062723c751e8b465ee728b)
Start importing Assets/Shaders/Chapter 12/EdgeDetection.shader using Guid(fbf8f768f772d4d4181802f148b3cf28) Importer(815301076,1909f56bfc062723c751e8b465ee728b)  -> (artifact id: '3eb1b3e46c93acff657ac1e664c84756') in 0.002630 seconds 
========================================================================
Received Import Request.
  Time since last request: 17.502484 seconds.
  path: Assets/Shaders/Chapter 12/EdgeDetection.shader
  artifactKey: Guid(fbf8f768f772d4d4181802f148b3cf28) Importer(815301076,1909f56bfc062723c751e8b465ee728b)
Start importing Assets/Shaders/Chapter 12/EdgeDetection.shader using Guid(fbf8f768f772d4d4181802f148b3cf28) Importer(815301076,1909f56bfc062723c751e8b465ee728b)  -> (artifact id: '26f27ce83a581acfe8e8b16fe60e743c') in 0.002233 seconds 
